# Logfile created on Tue Apr 10 21:20:09 -0400 2012 by logger.rb/1.2.6
I, [2012-04-10T21:20:09.430830 #12450]  INFO -- : initializing...
I, [2012-04-10T21:20:09.430981 #12450]  INFO -- : parsing option flags
I, [2012-04-10T22:38:15.514344 #13326]  INFO -- : initializing...
I, [2012-04-10T22:38:15.514526 #13326]  INFO -- : parsing option flags
I, [2012-04-10T22:39:28.732653 #13335]  INFO -- : initializing...
I, [2012-04-10T22:39:28.732826 #13335]  INFO -- : parsing option flags
I, [2012-04-10T22:39:28.744269 #13335]  INFO -- : PROXY NOT AVAILABLE
I, [2012-04-10T22:42:04.845038 #13339]  INFO -- : initializing...
I, [2012-04-10T22:42:04.845249 #13339]  INFO -- : parsing option flags
I, [2012-04-10T22:42:04.855901 #13339]  INFO -- : PROXY NOT AVAILABLE
I, [2012-04-10T22:42:05.488142 #13339]  INFO -- : Active: http://www.seniorhomes.com/ | Level: 0 | Control Num:0
D, [2012-04-10T22:42:05.489725 #13339] DEBUG -- : clicking http://www.seniorhomes.com/s/arizona/assisted-living/
I, [2012-04-10T22:43:20.208140 #13345]  INFO -- : initializing...
I, [2012-04-10T22:43:20.208326 #13345]  INFO -- : parsing option flags
I, [2012-04-10T22:43:20.213305 #13345]  INFO -- : PROXY NOT AVAILABLE
I, [2012-04-10T22:43:20.360492 #13345]  INFO -- : Active: http://www.seniorhomes.com/ | Level: 0 | Control Num:0
D, [2012-04-10T22:43:20.387911 #13345] DEBUG -- : clicking http://www.seniorhomes.com/s/arizona/assisted-living/
I, [2012-04-10T22:43:20.657963 #13345]  INFO -- : Active: http://www.seniorhomes.com/s/arizona/assisted-living/ | Level: 1 | Control Num:0
D, [2012-04-10T22:43:20.673921 #13345] DEBUG -- : clicking http://www.seniorhomes.com/f/az/horizon-bay-apache-junction/
I, [2012-04-10T22:44:42.890882 #13351]  INFO -- : initializing...
I, [2012-04-10T22:44:42.891068 #13351]  INFO -- : parsing option flags
I, [2012-04-10T22:44:42.896124 #13351]  INFO -- : PROXY NOT AVAILABLE
I, [2012-04-10T22:44:43.533441 #13351]  INFO -- : Active: http://www.seniorhomes.com/ | Level: 0 | Control Num:0
D, [2012-04-10T22:44:43.560440 #13351] DEBUG -- : clicking http://www.seniorhomes.com/s/arizona/assisted-living/
I, [2012-04-10T22:44:43.850899 #13351]  INFO -- : Active: http://www.seniorhomes.com/s/arizona/assisted-living/ | Level: 1 | Control Num:0
D, [2012-04-10T22:44:43.867093 #13351] DEBUG -- : clicking http://www.seniorhomes.com/f/az/horizon-bay-apache-junction/
I, [2012-04-10T22:45:57.796009 #13362]  INFO -- : initializing...
I, [2012-04-10T22:45:57.796196 #13362]  INFO -- : parsing option flags
I, [2012-04-10T22:45:57.801212 #13362]  INFO -- : PROXY NOT AVAILABLE
I, [2012-04-10T22:45:57.917660 #13362]  INFO -- : Active: http://www.seniorhomes.com/ | Level: 0 | Control Num:0
D, [2012-04-10T22:45:57.945045 #13362] DEBUG -- : clicking http://www.seniorhomes.com/s/arizona/assisted-living/
I, [2012-04-10T22:45:58.215805 #13362]  INFO -- : Active: http://www.seniorhomes.com/s/arizona/assisted-living/ | Level: 1 | Control Num:0
D, [2012-04-10T22:45:58.231476 #13362] DEBUG -- : clicking http://www.seniorhomes.com/f/az/horizon-bay-apache-junction/
I, [2012-04-10T22:47:29.600505 #13367]  INFO -- : initializing...
I, [2012-04-10T22:47:29.600704 #13367]  INFO -- : parsing option flags
I, [2012-04-10T22:47:29.605757 #13367]  INFO -- : PROXY NOT AVAILABLE
I, [2012-04-10T22:47:30.258530 #13367]  INFO -- : Active: http://www.seniorhomes.com/ | Level: 0 | Control Num:0
D, [2012-04-10T22:47:30.286717 #13367] DEBUG -- : clicking http://www.seniorhomes.com/s/arizona/assisted-living/
I, [2012-04-10T22:47:30.538736 #13367]  INFO -- : Active: http://www.seniorhomes.com/s/arizona/assisted-living/ | Level: 1 | Control Num:0
D, [2012-04-10T22:47:30.554937 #13367] DEBUG -- : clicking http://www.seniorhomes.com/f/az/horizon-bay-apache-junction/
I, [2012-04-10T22:51:25.577084 #13382]  INFO -- : initializing...
I, [2012-04-10T22:51:25.577272 #13382]  INFO -- : parsing option flags
I, [2012-04-10T22:51:25.582212 #13382]  INFO -- : PROXY NOT AVAILABLE
I, [2012-04-10T22:51:26.252800 #13382]  INFO -- : Active: http://www.seniorhomes.com/ | Level: 0 | Control Num:0
D, [2012-04-10T22:51:26.280397 #13382] DEBUG -- : clicking http://www.seniorhomes.com/s/arizona/assisted-living/
I, [2012-04-10T22:51:26.653308 #13382]  INFO -- : Active: http://www.seniorhomes.com/s/arizona/assisted-living/ | Level: 1 | Control Num:0
D, [2012-04-10T22:51:26.669382 #13382] DEBUG -- : clicking http://www.seniorhomes.com/f/az/horizon-bay-apache-junction/
I, [2012-04-10T22:51:52.077729 #13386]  INFO -- : initializing...
I, [2012-04-10T22:51:52.077914 #13386]  INFO -- : parsing option flags
I, [2012-04-10T22:51:52.082916 #13386]  INFO -- : PROXY NOT AVAILABLE
I, [2012-04-10T22:51:52.232576 #13386]  INFO -- : Active: http://www.seniorhomes.com/ | Level: 0 | Control Num:0
D, [2012-04-10T22:51:52.260052 #13386] DEBUG -- : clicking http://www.seniorhomes.com/s/arizona/assisted-living/
I, [2012-04-10T22:51:52.597075 #13386]  INFO -- : Active: http://www.seniorhomes.com/s/arizona/assisted-living/ | Level: 1 | Control Num:0
D, [2012-04-10T22:51:52.632483 #13386] DEBUG -- : clicking http://www.seniorhomes.com/f/az/horizon-bay-apache-junction/
I, [2012-04-10T22:52:08.193553 #13392]  INFO -- : initializing...
I, [2012-04-10T22:52:08.193741 #13392]  INFO -- : parsing option flags
I, [2012-04-10T22:52:08.198495 #13392]  INFO -- : PROXY NOT AVAILABLE
I, [2012-04-10T22:52:08.339731 #13392]  INFO -- : Active: http://www.seniorhomes.com/ | Level: 0 | Control Num:0
D, [2012-04-10T22:52:08.368755 #13392] DEBUG -- : clicking http://www.seniorhomes.com/s/arizona/assisted-living/
I, [2012-04-10T22:52:08.724756 #13392]  INFO -- : Active: http://www.seniorhomes.com/s/arizona/assisted-living/ | Level: 1 | Control Num:0
D, [2012-04-10T22:52:08.740878 #13392] DEBUG -- : clicking http://www.seniorhomes.com/f/az/horizon-bay-apache-junction/
I, [2012-04-10T22:52:35.656486 #13396]  INFO -- : initializing...
I, [2012-04-10T22:52:35.656737 #13396]  INFO -- : parsing option flags
I, [2012-04-10T22:52:35.662983 #13396]  INFO -- : PROXY NOT AVAILABLE
I, [2012-04-10T22:52:35.792581 #13396]  INFO -- : Active: http://www.seniorhomes.com/ | Level: 0 | Control Num:0
D, [2012-04-10T22:52:35.820194 #13396] DEBUG -- : clicking http://www.seniorhomes.com/s/arizona/assisted-living/
I, [2012-04-10T22:52:36.084841 #13396]  INFO -- : Active: http://www.seniorhomes.com/s/arizona/assisted-living/ | Level: 1 | Control Num:0
D, [2012-04-10T22:52:36.101316 #13396] DEBUG -- : clicking http://www.seniorhomes.com/f/az/horizon-bay-apache-junction/
I, [2012-04-10T22:55:53.267055 #13406]  INFO -- : initializing...
I, [2012-04-10T22:55:53.267244 #13406]  INFO -- : parsing option flags
I, [2012-04-10T22:55:53.272032 #13406]  INFO -- : PROXY NOT AVAILABLE
I, [2012-04-10T22:55:53.885579 #13406]  INFO -- : Active: http://www.seniorhomes.com/ | Level: 0 | Control Num:0
D, [2012-04-10T22:55:53.914451 #13406] DEBUG -- : clicking http://www.seniorhomes.com/s/arizona/assisted-living/
I, [2012-04-10T22:55:54.263965 #13406]  INFO -- : Active: http://www.seniorhomes.com/s/arizona/assisted-living/ | Level: 1 | Control Num:0
D, [2012-04-10T22:55:54.299920 #13406] DEBUG -- : clicking http://www.seniorhomes.com/f/az/horizon-bay-apache-junction/
I, [2012-04-10T22:57:18.718360 #13417]  INFO -- : initializing...
I, [2012-04-10T22:57:18.718544 #13417]  INFO -- : parsing option flags
I, [2012-04-10T22:57:18.723435 #13417]  INFO -- : PROXY NOT AVAILABLE
I, [2012-04-10T22:57:19.211077 #13417]  INFO -- : Active: http://www.seniorhomes.com/ | Level: 0 | Control Num:0
D, [2012-04-10T22:57:19.240915 #13417] DEBUG -- : clicking http://www.seniorhomes.com/s/arizona/assisted-living/
I, [2012-04-10T22:57:19.506735 #13417]  INFO -- : Active: http://www.seniorhomes.com/s/arizona/assisted-living/ | Level: 1 | Control Num:0
D, [2012-04-10T22:57:19.523195 #13417] DEBUG -- : clicking http://www.seniorhomes.com/f/az/horizon-bay-apache-junction/
I, [2012-04-10T22:58:47.610856 #13425]  INFO -- : initializing...
I, [2012-04-10T22:58:47.611045 #13425]  INFO -- : parsing option flags
I, [2012-04-10T22:58:47.616142 #13425]  INFO -- : PROXY NOT AVAILABLE
I, [2012-04-10T22:58:48.184510 #13425]  INFO -- : Active: http://www.seniorhomes.com/ | Level: 0 | Control Num:0
D, [2012-04-10T22:58:48.211950 #13425] DEBUG -- : clicking http://www.seniorhomes.com/s/arizona/assisted-living/
I, [2012-04-10T22:58:48.472509 #13425]  INFO -- : Active: http://www.seniorhomes.com/s/arizona/assisted-living/ | Level: 1 | Control Num:0
D, [2012-04-10T22:58:48.488357 #13425] DEBUG -- : clicking http://www.seniorhomes.com/f/az/horizon-bay-apache-junction/
I, [2012-04-10T22:59:19.795458 #13429]  INFO -- : initializing...
I, [2012-04-10T22:59:19.795642 #13429]  INFO -- : parsing option flags
I, [2012-04-10T22:59:19.800767 #13429]  INFO -- : PROXY NOT AVAILABLE
I, [2012-04-10T22:59:19.935500 #13429]  INFO -- : Active: http://www.seniorhomes.com/ | Level: 0 | Control Num:0
D, [2012-04-10T22:59:19.963244 #13429] DEBUG -- : clicking http://www.seniorhomes.com/s/arizona/assisted-living/
I, [2012-04-10T22:59:20.230547 #13429]  INFO -- : Active: http://www.seniorhomes.com/s/arizona/assisted-living/ | Level: 1 | Control Num:0
D, [2012-04-10T22:59:20.246405 #13429] DEBUG -- : clicking http://www.seniorhomes.com/f/az/horizon-bay-apache-junction/
I, [2012-04-10T23:00:53.998780 #13435]  INFO -- : initializing...
I, [2012-04-10T23:00:53.998970 #13435]  INFO -- : parsing option flags
I, [2012-04-10T23:00:54.003923 #13435]  INFO -- : PROXY NOT AVAILABLE
I, [2012-04-10T23:00:54.677353 #13435]  INFO -- : Active: http://www.seniorhomes.com/ | Level: 0 | Control Num:0
D, [2012-04-10T23:00:54.704991 #13435] DEBUG -- : clicking http://www.seniorhomes.com/s/arizona/assisted-living/
I, [2012-04-10T23:00:54.968162 #13435]  INFO -- : Active: http://www.seniorhomes.com/s/arizona/assisted-living/ | Level: 1 | Control Num:0
D, [2012-04-10T23:00:54.984163 #13435] DEBUG -- : clicking http://www.seniorhomes.com/f/az/horizon-bay-apache-junction/
I, [2012-04-10T23:01:13.884868 #13439]  INFO -- : initializing...
I, [2012-04-10T23:01:13.885063 #13439]  INFO -- : parsing option flags
I, [2012-04-10T23:01:13.889830 #13439]  INFO -- : PROXY NOT AVAILABLE
I, [2012-04-10T23:01:14.036497 #13439]  INFO -- : Active: http://www.seniorhomes.com/ | Level: 0 | Control Num:0
D, [2012-04-10T23:01:14.064986 #13439] DEBUG -- : clicking http://www.seniorhomes.com/s/arizona/assisted-living/
I, [2012-04-10T23:01:14.316105 #13439]  INFO -- : Active: http://www.seniorhomes.com/s/arizona/assisted-living/ | Level: 1 | Control Num:0
D, [2012-04-10T23:01:14.331885 #13439] DEBUG -- : clicking http://www.seniorhomes.com/f/az/horizon-bay-apache-junction/
I, [2012-04-10T23:01:37.872139 #13443]  INFO -- : initializing...
I, [2012-04-10T23:01:37.872354 #13443]  INFO -- : parsing option flags
I, [2012-04-10T23:01:37.878162 #13443]  INFO -- : PROXY NOT AVAILABLE
I, [2012-04-10T23:01:38.035641 #13443]  INFO -- : Active: http://www.seniorhomes.com/ | Level: 0 | Control Num:0
D, [2012-04-10T23:01:38.062924 #13443] DEBUG -- : clicking http://www.seniorhomes.com/s/arizona/assisted-living/
I, [2012-04-10T23:01:38.324045 #13443]  INFO -- : Active: http://www.seniorhomes.com/s/arizona/assisted-living/ | Level: 1 | Control Num:0
D, [2012-04-10T23:01:38.339918 #13443] DEBUG -- : clicking http://www.seniorhomes.com/f/az/horizon-bay-apache-junction/
I, [2012-04-10T23:10:28.260256 #13505]  INFO -- : initializing...
I, [2012-04-10T23:10:28.260444 #13505]  INFO -- : parsing option flags
I, [2012-04-10T23:10:28.265433 #13505]  INFO -- : PROXY NOT AVAILABLE
I, [2012-04-10T23:10:28.868203 #13505]  INFO -- : Active: http://www.seniorhomes.com/ | Level: 0 | Control Num:0
D, [2012-04-10T23:10:28.896334 #13505] DEBUG -- : clicking http://www.seniorhomes.com/s/arizona/assisted-living/
I, [2012-04-10T23:10:29.198026 #13505]  INFO -- : Active: http://www.seniorhomes.com/s/arizona/assisted-living/ | Level: 1 | Control Num:0
D, [2012-04-10T23:10:29.213950 #13505] DEBUG -- : clicking http://www.seniorhomes.com/f/az/horizon-bay-apache-junction/
I, [2012-04-10T23:10:55.520807 #13509]  INFO -- : initializing...
I, [2012-04-10T23:10:55.520992 #13509]  INFO -- : parsing option flags
I, [2012-04-10T23:10:55.526396 #13509]  INFO -- : PROXY NOT AVAILABLE
I, [2012-04-10T23:10:55.645026 #13509]  INFO -- : Active: http://www.seniorhomes.com/ | Level: 0 | Control Num:0
D, [2012-04-10T23:10:55.673632 #13509] DEBUG -- : clicking http://www.seniorhomes.com/s/arizona/assisted-living/
I, [2012-04-10T23:10:55.933893 #13509]  INFO -- : Active: http://www.seniorhomes.com/s/arizona/assisted-living/ | Level: 1 | Control Num:0
D, [2012-04-10T23:10:55.951381 #13509] DEBUG -- : clicking http://www.seniorhomes.com/f/az/horizon-bay-apache-junction/
I, [2012-04-10T23:11:10.165920 #13513]  INFO -- : initializing...
I, [2012-04-10T23:11:10.166170 #13513]  INFO -- : parsing option flags
I, [2012-04-10T23:11:10.172342 #13513]  INFO -- : PROXY NOT AVAILABLE
I, [2012-04-10T23:11:10.306002 #13513]  INFO -- : Active: http://www.seniorhomes.com/ | Level: 0 | Control Num:0
D, [2012-04-10T23:11:10.333862 #13513] DEBUG -- : clicking http://www.seniorhomes.com/s/arizona/assisted-living/
I, [2012-04-10T23:11:10.650869 #13513]  INFO -- : Active: http://www.seniorhomes.com/s/arizona/assisted-living/ | Level: 1 | Control Num:0
D, [2012-04-10T23:11:10.668774 #13513] DEBUG -- : clicking http://www.seniorhomes.com/f/az/horizon-bay-apache-junction/
I, [2012-04-10T23:11:25.442595 #13517]  INFO -- : initializing...
I, [2012-04-10T23:11:25.442788 #13517]  INFO -- : parsing option flags
I, [2012-04-10T23:11:25.447820 #13517]  INFO -- : PROXY NOT AVAILABLE
I, [2012-04-10T23:11:25.577469 #13517]  INFO -- : Active: http://www.seniorhomes.com/ | Level: 0 | Control Num:0
D, [2012-04-10T23:11:25.607416 #13517] DEBUG -- : clicking http://www.seniorhomes.com/s/arizona/assisted-living/
I, [2012-04-10T23:11:25.946032 #13517]  INFO -- : Active: http://www.seniorhomes.com/s/arizona/assisted-living/ | Level: 1 | Control Num:0
D, [2012-04-10T23:11:25.980759 #13517] DEBUG -- : clicking http://www.seniorhomes.com/f/az/horizon-bay-apache-junction/
I, [2012-04-10T23:11:51.614559 #13521]  INFO -- : initializing...
I, [2012-04-10T23:11:51.614747 #13521]  INFO -- : parsing option flags
I, [2012-04-10T23:11:51.619595 #13521]  INFO -- : PROXY NOT AVAILABLE
I, [2012-04-10T23:11:52.225062 #13521]  INFO -- : Active: http://www.seniorhomes.com/ | Level: 0 | Control Num:0
D, [2012-04-10T23:11:52.252684 #13521] DEBUG -- : clicking http://www.seniorhomes.com/s/arizona/assisted-living/
I, [2012-04-10T23:11:53.318302 #13521]  INFO -- : Active: http://www.seniorhomes.com/s/arizona/assisted-living/ | Level: 1 | Control Num:0
D, [2012-04-10T23:11:53.354312 #13521] DEBUG -- : clicking http://www.seniorhomes.com/f/az/horizon-bay-apache-junction/
I, [2012-04-10T23:12:03.148584 #13525]  INFO -- : initializing...
I, [2012-04-10T23:12:03.148769 #13525]  INFO -- : parsing option flags
I, [2012-04-10T23:12:03.153488 #13525]  INFO -- : PROXY NOT AVAILABLE
I, [2012-04-10T23:12:03.283117 #13525]  INFO -- : Active: http://www.seniorhomes.com/ | Level: 0 | Control Num:0
D, [2012-04-10T23:12:03.313746 #13525] DEBUG -- : clicking http://www.seniorhomes.com/s/arizona/assisted-living/
I, [2012-04-10T23:12:03.588469 #13525]  INFO -- : Active: http://www.seniorhomes.com/s/arizona/assisted-living/ | Level: 1 | Control Num:0
D, [2012-04-10T23:12:03.604577 #13525] DEBUG -- : clicking http://www.seniorhomes.com/f/az/horizon-bay-apache-junction/
I, [2012-04-10T23:13:35.276229 #13533]  INFO -- : initializing...
I, [2012-04-10T23:13:35.276413 #13533]  INFO -- : parsing option flags
I, [2012-04-10T23:13:35.281741 #13533]  INFO -- : PROXY NOT AVAILABLE
I, [2012-04-10T23:13:35.912852 #13533]  INFO -- : Active: http://www.seniorhomes.com/ | Level: 0 | Control Num:0
D, [2012-04-10T23:13:35.940593 #13533] DEBUG -- : clicking http://www.seniorhomes.com/s/arizona/assisted-living/
I, [2012-04-10T23:13:36.228330 #13533]  INFO -- : Active: http://www.seniorhomes.com/s/arizona/assisted-living/ | Level: 1 | Control Num:0
D, [2012-04-10T23:13:36.244065 #13533] DEBUG -- : clicking http://www.seniorhomes.com/f/az/horizon-bay-apache-junction/
I, [2012-04-10T23:14:36.633636 #13540]  INFO -- : initializing...
I, [2012-04-10T23:14:36.633836 #13540]  INFO -- : parsing option flags
I, [2012-04-10T23:14:36.638769 #13540]  INFO -- : PROXY NOT AVAILABLE
I, [2012-04-10T23:14:36.771481 #13540]  INFO -- : Active: http://www.seniorhomes.com/ | Level: 0 | Control Num:0
D, [2012-04-10T23:14:36.799182 #13540] DEBUG -- : clicking http://www.seniorhomes.com/s/arizona/assisted-living/
I, [2012-04-10T23:14:37.061534 #13540]  INFO -- : Active: http://www.seniorhomes.com/s/arizona/assisted-living/ | Level: 1 | Control Num:0
D, [2012-04-10T23:14:37.079129 #13540] DEBUG -- : clicking http://www.seniorhomes.com/f/az/horizon-bay-apache-junction/
I, [2012-04-10T23:19:01.612194 #13555]  INFO -- : initializing...
I, [2012-04-10T23:19:01.612381 #13555]  INFO -- : parsing option flags
I, [2012-04-10T23:19:01.617611 #13555]  INFO -- : PROXY NOT AVAILABLE
I, [2012-04-10T23:19:02.141811 #13555]  INFO -- : Active: http://www.seniorhomes.com/ | Level: 0 | Control Num:0
D, [2012-04-10T23:19:02.170133 #13555] DEBUG -- : clicking http://www.seniorhomes.com/s/arizona/assisted-living/
I, [2012-04-10T23:19:02.442667 #13555]  INFO -- : Active: http://www.seniorhomes.com/s/arizona/assisted-living/ | Level: 1 | Control Num:0
D, [2012-04-10T23:19:02.459033 #13555] DEBUG -- : clicking http://www.seniorhomes.com/f/az/horizon-bay-apache-junction/
I, [2012-04-10T23:19:26.909797 #13559]  INFO -- : initializing...
I, [2012-04-10T23:19:26.909983 #13559]  INFO -- : parsing option flags
I, [2012-04-10T23:19:26.915020 #13559]  INFO -- : PROXY NOT AVAILABLE
I, [2012-04-10T23:19:27.038101 #13559]  INFO -- : Active: http://www.seniorhomes.com/ | Level: 0 | Control Num:0
D, [2012-04-10T23:19:27.066123 #13559] DEBUG -- : clicking http://www.seniorhomes.com/s/arizona/assisted-living/
I, [2012-04-10T23:19:27.365583 #13559]  INFO -- : Active: http://www.seniorhomes.com/s/arizona/assisted-living/ | Level: 1 | Control Num:0
D, [2012-04-10T23:19:27.381840 #13559] DEBUG -- : clicking http://www.seniorhomes.com/f/az/horizon-bay-apache-junction/
I, [2012-04-10T23:22:37.559330 #13574]  INFO -- : initializing...
I, [2012-04-10T23:22:37.559517 #13574]  INFO -- : parsing option flags
I, [2012-04-10T23:22:37.564321 #13574]  INFO -- : PROXY NOT AVAILABLE
I, [2012-04-10T23:22:38.067370 #13574]  INFO -- : Active: http://www.seniorhomes.com/ | Level: 0 | Control Num:0
D, [2012-04-10T23:22:38.095839 #13574] DEBUG -- : clicking http://www.seniorhomes.com/s/arizona/assisted-living/
I, [2012-04-10T23:22:38.449481 #13574]  INFO -- : Active: http://www.seniorhomes.com/s/arizona/assisted-living/ | Level: 1 | Control Num:0
D, [2012-04-10T23:22:38.465648 #13574] DEBUG -- : clicking http://www.seniorhomes.com/f/az/horizon-bay-apache-junction/
I, [2012-04-10T23:23:23.194465 #13580]  INFO -- : initializing...
I, [2012-04-10T23:23:23.194660 #13580]  INFO -- : parsing option flags
I, [2012-04-10T23:23:23.201658 #13580]  INFO -- : PROXY NOT AVAILABLE
I, [2012-04-10T23:23:23.369985 #13580]  INFO -- : Active: http://www.seniorhomes.com/ | Level: 0 | Control Num:0
D, [2012-04-10T23:23:23.398632 #13580] DEBUG -- : clicking http://www.seniorhomes.com/s/arizona/assisted-living/
I, [2012-04-10T23:23:23.708623 #13580]  INFO -- : Active: http://www.seniorhomes.com/s/arizona/assisted-living/ | Level: 1 | Control Num:0
D, [2012-04-10T23:23:23.726686 #13580] DEBUG -- : clicking http://www.seniorhomes.com/f/az/horizon-bay-apache-junction/
I, [2012-04-10T23:26:46.514697 #13589]  INFO -- : initializing...
I, [2012-04-10T23:26:46.514873 #13589]  INFO -- : parsing option flags
I, [2012-04-10T23:26:46.519628 #13589]  INFO -- : PROXY NOT AVAILABLE
I, [2012-04-10T23:26:47.029856 #13589]  INFO -- : Active: http://www.seniorhomes.com/ | Level: 0 | Control Num:0
D, [2012-04-10T23:26:47.057492 #13589] DEBUG -- : clicking http://www.seniorhomes.com/s/arizona/assisted-living/
I, [2012-04-10T23:26:47.424730 #13589]  INFO -- : Active: http://www.seniorhomes.com/s/arizona/assisted-living/ | Level: 1 | Control Num:0
D, [2012-04-10T23:26:47.458406 #13589] DEBUG -- : clicking http://www.seniorhomes.com/f/az/horizon-bay-apache-junction/
I, [2012-04-10T23:29:20.671917 #13600]  INFO -- : initializing...
I, [2012-04-10T23:29:20.672100 #13600]  INFO -- : parsing option flags
I, [2012-04-10T23:29:20.678146 #13600]  INFO -- : PROXY NOT AVAILABLE
I, [2012-04-10T23:29:21.305204 #13600]  INFO -- : Active: http://www.seniorhomes.com/ | Level: 0 | Control Num:0
D, [2012-04-10T23:29:21.333495 #13600] DEBUG -- : clicking http://www.seniorhomes.com/s/arizona/assisted-living/
I, [2012-04-10T23:29:21.596584 #13600]  INFO -- : Active: http://www.seniorhomes.com/s/arizona/assisted-living/ | Level: 1 | Control Num:0
D, [2012-04-10T23:29:21.612616 #13600] DEBUG -- : clicking http://www.seniorhomes.com/f/az/horizon-bay-apache-junction/
I, [2012-04-10T23:29:39.898226 #13604]  INFO -- : initializing...
I, [2012-04-10T23:29:39.898408 #13604]  INFO -- : parsing option flags
I, [2012-04-10T23:29:39.903438 #13604]  INFO -- : PROXY NOT AVAILABLE
I, [2012-04-10T23:29:40.028882 #13604]  INFO -- : Active: http://www.seniorhomes.com/ | Level: 0 | Control Num:0
D, [2012-04-10T23:29:40.057446 #13604] DEBUG -- : clicking http://www.seniorhomes.com/s/arizona/assisted-living/
I, [2012-04-10T23:29:40.355986 #13604]  INFO -- : Active: http://www.seniorhomes.com/s/arizona/assisted-living/ | Level: 1 | Control Num:0
D, [2012-04-10T23:29:40.373161 #13604] DEBUG -- : clicking http://www.seniorhomes.com/f/az/horizon-bay-apache-junction/
I, [2012-04-10T23:29:59.114760 #13608]  INFO -- : initializing...
I, [2012-04-10T23:29:59.114945 #13608]  INFO -- : parsing option flags
I, [2012-04-10T23:29:59.119657 #13608]  INFO -- : PROXY NOT AVAILABLE
I, [2012-04-10T23:29:59.265610 #13608]  INFO -- : Active: http://www.seniorhomes.com/ | Level: 0 | Control Num:0
D, [2012-04-10T23:29:59.294105 #13608] DEBUG -- : clicking http://www.seniorhomes.com/s/arizona/assisted-living/
I, [2012-04-10T23:29:59.577559 #13608]  INFO -- : Active: http://www.seniorhomes.com/s/arizona/assisted-living/ | Level: 1 | Control Num:0
D, [2012-04-10T23:29:59.594281 #13608] DEBUG -- : clicking http://www.seniorhomes.com/f/az/horizon-bay-apache-junction/
I, [2012-04-10T23:30:12.364419 #13615]  INFO -- : initializing...
I, [2012-04-10T23:30:12.364604 #13615]  INFO -- : parsing option flags
I, [2012-04-10T23:30:12.369373 #13615]  INFO -- : PROXY NOT AVAILABLE
I, [2012-04-10T23:30:12.501074 #13615]  INFO -- : Active: http://www.seniorhomes.com/ | Level: 0 | Control Num:0
D, [2012-04-10T23:30:12.529251 #13615] DEBUG -- : clicking http://www.seniorhomes.com/s/arizona/assisted-living/
I, [2012-04-10T23:30:12.840614 #13615]  INFO -- : Active: http://www.seniorhomes.com/s/arizona/assisted-living/ | Level: 1 | Control Num:0
D, [2012-04-10T23:30:12.856707 #13615] DEBUG -- : clicking http://www.seniorhomes.com/f/az/horizon-bay-apache-junction/
I, [2012-04-10T23:30:39.289454 #13622]  INFO -- : initializing...
I, [2012-04-10T23:30:39.289636 #13622]  INFO -- : parsing option flags
I, [2012-04-10T23:30:39.294457 #13622]  INFO -- : PROXY NOT AVAILABLE
I, [2012-04-10T23:30:39.885146 #13622]  INFO -- : Active: http://www.seniorhomes.com/ | Level: 0 | Control Num:0
D, [2012-04-10T23:30:39.913343 #13622] DEBUG -- : clicking http://www.seniorhomes.com/s/arizona/assisted-living/
I, [2012-04-10T23:30:40.273814 #13622]  INFO -- : Active: http://www.seniorhomes.com/s/arizona/assisted-living/ | Level: 1 | Control Num:0
D, [2012-04-10T23:30:40.308137 #13622] DEBUG -- : clicking http://www.seniorhomes.com/f/az/horizon-bay-apache-junction/
